1682333866549	geckodriver	INFO	Listening on 127.0.0.1:63250
1682333869609	mozrunner::runner	INFO	Running command: "C:\\Program Files\\Mozilla Firefox\\firefox.exe" "--marionette" "--remote-debugging-port" "63251" "--remote-allow-hosts" "localhost" "-no-remote" "-profile" "C:\\Users\\Riccardo\\AppData\\Local\\Temp\\rust_mozprofileotlHrK"
console.warn: services.settings: Ignoring preference override of remote settings server
console.warn: services.settings: Allow by setting MOZ_REMOTE_SETTINGS_DEVTOOLS=1 in the environment
1682333870256	Marionette	INFO	Marionette enabled
Dynamically enable window occlusion 0
1682333870262	Marionette	INFO	Listening on port 63266
Read port: 63266
WebDriver BiDi listening on ws://127.0.0.1:63251
1682333870466	RemoteAgent	WARN	TLS certificate errors will be ignored for this session
console.warn: SearchSettings: "get: No settings file exists, new profile?" (new NotFoundError("Could not open the file at C:\\Users\\Riccardo\\AppData\\Local\\Temp\\rust_mozprofileotlHrK\\search.json.mozlz4", (void 0)))
DevTools listening on ws://127.0.0.1:63251/devtools/browser/cd1c7b2c-9d55-471a-b5f7-daa57d457184
JavaScript warning: https://static.cdninstagram.com/rsrc.php/v3i8L84/ym/l/en_GB/QezAJhbLfeA.js?_nc_x=Ij3Wp8lg5Kz, line 27: WEBGL_debug_renderer_info is deprecated in Firefox and will be removed. Please use RENDERER.
1682333896940	Marionette	INFO	Stopped listening on port 63266
Dynamically enable window occlusion 1
!!! error running onStopped callback: TypeError: callback is not a function
1682333917913	geckodriver	INFO	Listening on 127.0.0.1:63317
1682333920967	mozrunner::runner	INFO	Running command: "C:\\Program Files\\Mozilla Firefox\\firefox.exe" "--marionette" "--remote-debugging-port" "63318" "--remote-allow-hosts" "localhost" "-no-remote" "-profile" "C:\\Users\\Riccardo\\AppData\\Local\\Temp\\rust_mozprofilexdNM65"
console.warn: services.settings: Ignoring preference override of remote settings server
console.warn: services.settings: Allow by setting MOZ_REMOTE_SETTINGS_DEVTOOLS=1 in the environment
1682333921430	Marionette	INFO	Marionette enabled
Dynamically enable window occlusion 0
1682333921435	Marionette	INFO	Listening on port 63325
Read port: 63325
WebDriver BiDi listening on ws://127.0.0.1:63318
1682333921634	RemoteAgent	WARN	TLS certificate errors will be ignored for this session
console.warn: SearchSettings: "get: No settings file exists, new profile?" (new NotFoundError("Could not open the file at C:\\Users\\Riccardo\\AppData\\Local\\Temp\\rust_mozprofilexdNM65\\search.json.mozlz4", (void 0)))
DevTools listening on ws://127.0.0.1:63318/devtools/browser/22a50f98-7de1-40e0-a9fc-1f99fba85859
JavaScript warning: https://static.cdninstagram.com/rsrc.php/v3i8L84/ym/l/en_GB/QezAJhbLfeA.js?_nc_x=Ij3Wp8lg5Kz, line 27: WEBGL_debug_renderer_info is deprecated in Firefox and will be removed. Please use RENDERER.
1682333938155	Marionette	INFO	Stopped listening on port 63325
Dynamically enable window occlusion 1
!!! error running onStopped callback: TypeError: callback is not a function
1682333941630	geckodriver	INFO	Listening on 127.0.0.1:63372
1682333944718	mozrunner::runner	INFO	Running command: "C:\\Program Files\\Mozilla Firefox\\firefox.exe" "--marionette" "--remote-debugging-port" "63373" "--remote-allow-hosts" "localhost" "-no-remote" "-profile" "C:\\Users\\Riccardo\\AppData\\Local\\Temp\\rust_mozprofileqnRkLL"
console.warn: services.settings: Ignoring preference override of remote settings server
console.warn: services.settings: Allow by setting MOZ_REMOTE_SETTINGS_DEVTOOLS=1 in the environment
1682333945285	Marionette	INFO	Marionette enabled
Dynamically enable window occlusion 0
1682333945290	Marionette	INFO	Listening on port 63382
Read port: 63382
WebDriver BiDi listening on ws://127.0.0.1:63373
1682333945503	RemoteAgent	WARN	TLS certificate errors will be ignored for this session
console.warn: SearchSettings: "get: No settings file exists, new profile?" (new NotFoundError("Could not open the file at C:\\Users\\Riccardo\\AppData\\Local\\Temp\\rust_mozprofileqnRkLL\\search.json.mozlz4", (void 0)))
DevTools listening on ws://127.0.0.1:63373/devtools/browser/840ff52c-ab0f-497d-8eca-fa19d2db6074
JavaScript warning: https://static.cdninstagram.com/rsrc.php/v3i8L84/ym/l/en_GB/QezAJhbLfeA.js?_nc_x=Ij3Wp8lg5Kz, line 27: WEBGL_debug_renderer_info is deprecated in Firefox and will be removed. Please use RENDERER.
1682333956469	Marionette	INFO	Stopped listening on port 63382
Dynamically enable window occlusion 1
!!! error running onStopped callback: TypeError: callback is not a function
