2023-04-20 21:39:31.859 | DEBUG    | __main__:<module>:15 - Questo è un messaggio di debug
2023-04-20 21:39:31.859 | INFO     | __main__:<module>:16 - Questo è un messaggio informativo
2023-04-20 21:39:31.859 | WARNING  | __main__:<module>:17 - Questo è un avvertimento
2023-04-20 21:39:31.860 | ERROR    | __main__:<module>:18 - Questo è un errore
2023-04-20 21:39:31.860 | CRITICAL | __main__:<module>:19 - Questo è un errore critico
2023-04-20 21:39:39.741 | DEBUG    | __main__:<module>:15 - Questo è un messaggio di debug
2023-04-20 21:39:39.741 | INFO     | __main__:<module>:16 - Questo è un messaggio informativo
2023-04-20 21:39:39.741 | WARNING  | __main__:<module>:17 - Questo è un avvertimento
2023-04-20 21:39:39.741 | ERROR    | __main__:<module>:18 - Questo è un errore
2023-04-20 21:39:39.741 | CRITICAL | __main__:<module>:19 - Questo è un errore critico
2023-04-20 21:41:31.554 | DEBUG    | __main__:<module>:15 - Questo è un messaggio di debug
2023-04-20 21:41:31.554 | INFO     | __main__:<module>:16 - Questo è un messaggio informativo
2023-04-20 21:41:31.554 | WARNING  | __main__:<module>:17 - Questo è un avvertimento
2023-04-20 21:41:31.554 | ERROR    | __main__:<module>:18 - Questo è un errore
2023-04-20 21:41:31.554 | CRITICAL | __main__:<module>:19 - Questo è un errore critico
2023-04-20 21:43:18.294 | DEBUG    | __main__:<module>:15 - Questo è un messaggio di debug
2023-04-20 21:43:18.294 | INFO     | __main__:<module>:16 - Questo è un messaggio informativo
2023-04-20 21:43:18.294 | WARNING  | __main__:<module>:17 - Questo è un avvertimento
2023-04-20 21:43:18.294 | ERROR    | __main__:<module>:18 - Questo è un errore
2023-04-20 21:43:18.294 | CRITICAL | __main__:<module>:19 - Questo è un errore critico
2023-04-20 21:43:54.903 | DEBUG    | __main__:<module>:15 - Questo è un messaggio di debug
2023-04-20 21:43:54.904 | INFO     | __main__:<module>:16 - Questo è un messaggio informativo
2023-04-20 21:43:54.904 | WARNING  | __main__:<module>:17 - Questo è un avvertimento
2023-04-20 21:43:54.904 | ERROR    | __main__:<module>:18 - Questo è un errore
2023-04-20 21:43:54.904 | CRITICAL | __main__:<module>:19 - Questo è un errore critico
2023-04-20 21:44:04.947 | DEBUG    | __main__:<module>:15 - Questo è un messaggio di debug
2023-04-20 21:44:04.947 | INFO     | __main__:<module>:16 - Questo è un messaggio informativo
2023-04-20 21:44:04.947 | WARNING  | __main__:<module>:17 - Questo è un avvertimento
2023-04-20 21:44:04.947 | ERROR    | __main__:<module>:18 - Questo è un errore
2023-04-20 21:44:04.947 | CRITICAL | __main__:<module>:19 - Questo è un errore critico
2023-04-20 21:44:16.509 | DEBUG    | __main__:<module>:15 - Questo è un messaggio di debug
2023-04-20 21:44:16.509 | INFO     | __main__:<module>:16 - Questo è un messaggio informativo
2023-04-20 21:44:16.509 | WARNING  | __main__:<module>:17 - Questo è un avvertimento
2023-04-20 21:44:16.509 | ERROR    | __main__:<module>:18 - Questo è un errore
2023-04-20 21:44:16.509 | CRITICAL | __main__:<module>:19 - Questo è un errore critico
2023-04-20 21:44:24.058 | DEBUG    | __main__:<module>:15 - Questo è un messaggio di debug
2023-04-20 21:44:24.058 | INFO     | __main__:<module>:16 - Questo è un messaggio informativo
2023-04-20 21:44:24.059 | WARNING  | __main__:<module>:17 - Questo è un avvertimento
2023-04-20 21:44:24.059 | ERROR    | __main__:<module>:18 - Questo è un errore
2023-04-20 21:44:24.059 | CRITICAL | __main__:<module>:19 - Questo è un errore critico
