\BOOKMARK [0][-]{chapter.1}{\376\377\000a\000p\000p}{}% 1
\BOOKMARK [1][-]{section.1.1}{\376\377\000a\000p\000p\000\040\000p\000a\000c\000k\000a\000g\000e}{chapter.1}% 2
\BOOKMARK [2][-]{subsection.1.1.1}{\376\377\000S\000u\000b\000p\000a\000c\000k\000a\000g\000e\000s}{section.1.1}% 3
\BOOKMARK [3][-]{subsubsection*.3}{\376\377\000a\000p\000p\000.\000c\000o\000n\000f\000i\000g\000\040\000p\000a\000c\000k\000a\000g\000e}{subsection.1.1.1}% 4
\BOOKMARK [4][-]{paragraph*.4}{\376\377\000S\000u\000b\000m\000o\000d\000u\000l\000e\000s}{subsubsection*.3}% 5
\BOOKMARK [4][-]{paragraph*.5}{\376\377\000a\000p\000p\000.\000c\000o\000n\000f\000i\000g\000.\000c\000o\000n\000f\000i\000g\000\040\000m\000o\000d\000u\000l\000e}{subsubsection*.3}% 6
\BOOKMARK [4][-]{paragraph*.15}{\376\377\000M\000o\000d\000u\000l\000e\000\040\000c\000o\000n\000t\000e\000n\000t\000s}{subsubsection*.3}% 7
\BOOKMARK [3][-]{subsubsection*.16}{\376\377\000a\000p\000p\000.\000c\000r\000u\000d\000\040\000p\000a\000c\000k\000a\000g\000e}{subsection.1.1.1}% 8
\BOOKMARK [4][-]{paragraph*.17}{\376\377\000S\000u\000b\000m\000o\000d\000u\000l\000e\000s}{subsubsection*.16}% 9
\BOOKMARK [4][-]{paragraph*.18}{\376\377\000a\000p\000p\000.\000c\000r\000u\000d\000.\000c\000o\000m\000p\000a\000n\000y\000\040\000m\000o\000d\000u\000l\000e}{subsubsection*.16}% 10
\BOOKMARK [4][-]{paragraph*.25}{\376\377\000a\000p\000p\000.\000c\000r\000u\000d\000.\000i\000n\000s\000t\000a\000g\000r\000a\000m\000\040\000m\000o\000d\000u\000l\000e}{subsubsection*.16}% 11
\BOOKMARK [4][-]{paragraph*.37}{\376\377\000a\000p\000p\000.\000c\000r\000u\000d\000.\000u\000s\000e\000r\000\040\000m\000o\000d\000u\000l\000e}{subsubsection*.16}% 12
\BOOKMARK [4][-]{paragraph*.43}{\376\377\000M\000o\000d\000u\000l\000e\000\040\000c\000o\000n\000t\000e\000n\000t\000s}{subsubsection*.16}% 13
\BOOKMARK [3][-]{subsubsection*.44}{\376\377\000a\000p\000p\000.\000m\000o\000d\000e\000l\000\040\000p\000a\000c\000k\000a\000g\000e}{subsection.1.1.1}% 14
\BOOKMARK [4][-]{paragraph*.45}{\376\377\000S\000u\000b\000m\000o\000d\000u\000l\000e\000s}{subsubsection*.44}% 15
\BOOKMARK [4][-]{paragraph*.46}{\376\377\000a\000p\000p\000.\000m\000o\000d\000e\000l\000.\000c\000o\000m\000p\000a\000n\000y\000\040\000m\000o\000d\000u\000l\000e}{subsubsection*.44}% 16
\BOOKMARK [4][-]{paragraph*.54}{\376\377\000a\000p\000p\000.\000m\000o\000d\000e\000l\000.\000i\000n\000s\000t\000a\000g\000r\000a\000m\000\040\000m\000o\000d\000u\000l\000e}{subsubsection*.44}% 17
\BOOKMARK [4][-]{paragraph*.73}{\376\377\000a\000p\000p\000.\000m\000o\000d\000e\000l\000.\000u\000s\000e\000r\000\040\000m\000o\000d\000u\000l\000e}{subsubsection*.44}% 18
\BOOKMARK [4][-]{paragraph*.82}{\376\377\000M\000o\000d\000u\000l\000e\000\040\000c\000o\000n\000t\000e\000n\000t\000s}{subsubsection*.44}% 19
\BOOKMARK [3][-]{subsubsection*.83}{\376\377\000a\000p\000p\000.\000s\000c\000h\000e\000m\000a\000\040\000p\000a\000c\000k\000a\000g\000e}{subsection.1.1.1}% 20
\BOOKMARK [4][-]{paragraph*.84}{\376\377\000S\000u\000b\000m\000o\000d\000u\000l\000e\000s}{subsubsection*.83}% 21
\BOOKMARK [4][-]{paragraph*.85}{\376\377\000a\000p\000p\000.\000s\000c\000h\000e\000m\000a\000.\000c\000o\000m\000p\000a\000n\000y\000\040\000m\000o\000d\000u\000l\000e}{subsubsection*.83}% 22
\BOOKMARK [4][-]{paragraph*.93}{\376\377\000a\000p\000p\000.\000s\000c\000h\000e\000m\000a\000.\000i\000n\000s\000t\000a\000g\000r\000a\000m\000\040\000m\000o\000d\000u\000l\000e}{subsubsection*.83}% 23
\BOOKMARK [4][-]{paragraph*.111}{\376\377\000a\000p\000p\000.\000s\000c\000h\000e\000m\000a\000.\000u\000s\000e\000r\000\040\000m\000o\000d\000u\000l\000e}{subsubsection*.83}% 24
\BOOKMARK [4][-]{paragraph*.126}{\376\377\000M\000o\000d\000u\000l\000e\000\040\000c\000o\000n\000t\000e\000n\000t\000s}{subsubsection*.83}% 25
\BOOKMARK [3][-]{subsubsection*.127}{\376\377\000a\000p\000p\000.\000s\000e\000r\000v\000i\000c\000e\000s\000\040\000p\000a\000c\000k\000a\000g\000e}{subsection.1.1.1}% 26
\BOOKMARK [4][-]{paragraph*.128}{\376\377\000S\000u\000b\000m\000o\000d\000u\000l\000e\000s}{subsubsection*.127}% 27
\BOOKMARK [4][-]{paragraph*.129}{\376\377\000a\000p\000p\000.\000s\000e\000r\000v\000i\000c\000e\000s\000.\000i\000g\000\137\000s\000c\000r\000a\000p\000i\000n\000g\000\040\000m\000o\000d\000u\000l\000e}{subsubsection*.127}% 28
\BOOKMARK [4][-]{paragraph*.140}{\376\377\000a\000p\000p\000.\000s\000e\000r\000v\000i\000c\000e\000s\000.\000l\000a\000n\000g\000c\000h\000a\000i\000n\000\040\000m\000o\000d\000u\000l\000e}{subsubsection*.127}% 29
\BOOKMARK [4][-]{paragraph*.145}{\376\377\000M\000o\000d\000u\000l\000e\000\040\000c\000o\000n\000t\000e\000n\000t\000s}{subsubsection*.127}% 30
\BOOKMARK [3][-]{subsubsection*.146}{\376\377\000a\000p\000p\000.\000u\000t\000i\000l\000s\000\040\000p\000a\000c\000k\000a\000g\000e}{subsection.1.1.1}% 31
\BOOKMARK [4][-]{paragraph*.147}{\376\377\000S\000u\000b\000p\000a\000c\000k\000a\000g\000e\000s}{subsubsection*.146}% 32
\BOOKMARK [5][-]{subparagraph*.148}{\376\377\000a\000p\000p\000.\000u\000t\000i\000l\000s\000.\000s\000t\000r\000e\000a\000m\000l\000i\000t\000\137\000u\000t\000i\000l\000s\000\040\000p\000a\000c\000k\000a\000g\000e}{paragraph*.147}% 33
\BOOKMARK [5][-]{subparagraph*.149}{\376\377\000S\000u\000b\000m\000o\000d\000u\000l\000e\000s}{paragraph*.147}% 34
\BOOKMARK [5][-]{subparagraph*.150}{\376\377\000a\000p\000p\000.\000u\000t\000i\000l\000s\000.\000s\000t\000r\000e\000a\000m\000l\000i\000t\000\137\000u\000t\000i\000l\000s\000.\000a\000u\000t\000h\000\040\000m\000o\000d\000u\000l\000e}{paragraph*.147}% 35
\BOOKMARK [5][-]{subparagraph*.154}{\376\377\000M\000o\000d\000u\000l\000e\000\040\000c\000o\000n\000t\000e\000n\000t\000s}{paragraph*.147}% 36
\BOOKMARK [4][-]{paragraph*.155}{\376\377\000S\000u\000b\000m\000o\000d\000u\000l\000e\000s}{subsubsection*.146}% 37
\BOOKMARK [4][-]{paragraph*.156}{\376\377\000a\000p\000p\000.\000u\000t\000i\000l\000s\000.\000d\000e\000c\000o\000r\000a\000t\000o\000r\000s\000\040\000m\000o\000d\000u\000l\000e}{subsubsection*.146}% 38
\BOOKMARK [4][-]{paragraph*.159}{\376\377\000a\000p\000p\000.\000u\000t\000i\000l\000s\000.\000l\000o\000g\000g\000e\000r\000\040\000m\000o\000d\000u\000l\000e}{subsubsection*.146}% 39
\BOOKMARK [4][-]{paragraph*.161}{\376\377\000M\000o\000d\000u\000l\000e\000\040\000c\000o\000n\000t\000e\000n\000t\000s}{subsubsection*.146}% 40
\BOOKMARK [2][-]{subsection.1.1.2}{\376\377\000S\000u\000b\000m\000o\000d\000u\000l\000e\000s}{section.1.1}% 41
\BOOKMARK [2][-]{subsection.1.1.3}{\376\377\000a\000p\000p\000.\000d\000e\000p\000e\000n\000d\000e\000n\000c\000y\000\040\000m\000o\000d\000u\000l\000e}{section.1.1}% 42
\BOOKMARK [2][-]{subsection.1.1.4}{\376\377\000a\000p\000p\000.\000m\000a\000i\000n\000\040\000m\000o\000d\000u\000l\000e}{section.1.1}% 43
\BOOKMARK [2][-]{subsection.1.1.5}{\376\377\000a\000p\000p\000.\000s\000t\000r\000e\000a\000m\000l\000i\000t\000\137\000a\000p\000p\000\040\000m\000o\000d\000u\000l\000e}{section.1.1}% 44
\BOOKMARK [2][-]{subsection.1.1.6}{\376\377\000M\000o\000d\000u\000l\000e\000\040\000c\000o\000n\000t\000e\000n\000t\000s}{section.1.1}% 45
\BOOKMARK [0][-]{chapter.2}{\376\377\000I\000n\000d\000i\000c\000e\000s\000\040\000a\000n\000d\000\040\000t\000a\000b\000l\000e\000s}{}% 46
\BOOKMARK [0][-]{section*.166}{\376\377\000I\000n\000d\000e\000x}{}% 47
